<?xml version="1.0" encoding="utf-8"?><testsuites name="pytest tests"><testsuite name="pytest" errors="0" failures="0" skipped="0" tests="13" time="8.494" timestamp="2026-04-16T15:33:07.881897+00:00" hostname="agent-env-2e5659fd-9aff-4bff-a7a0-d3367b339cb1"><testcase classname="tests.test_iteration5.TestAuth" name="test_register_student" time="0.555" /><testcase classname="tests.test_iteration5.TestAuth" name="test_register_mentor" time="0.499" /><testcase classname="tests.test_iteration5.TestPayments" name="test_create_payment_link" time="2.065" /><testcase classname="tests.test_iteration5.TestPayments" name="test_check_payment_status" time="1.760" /><testcase classname="tests.test_iteration5.TestPayments" name="test_payment_history" time="0.395" /><testcase classname="tests.test_iteration5.TestColleges" name="test_colleges_count" time="0.193" /><testcase classname="tests.test_iteration5.TestColleges" name="test_colleges_have_required_fields" time="0.198" /><testcase classname="tests.test_iteration5.TestMentors" name="test_mentors_only_registered" time="0.169" /><testcase classname="tests.test_iteration5.TestCounsellorOnboarding" name="test_counsellor_apply" time="0.159" /><testcase classname="tests.test_iteration5.TestCounsellorOnboarding" name="test_admin_list_applications" time="0.389" /><testcase classname="tests.test_iteration5.TestCounsellorOnboarding" name="test_admin_approve_counsellor" time="0.980" /><testcase classname="tests.test_iteration5.TestNEETRemoval" name="test_predictor_no_neet" time="0.456" /><testcase classname="tests.test_iteration5.TestNEETRemoval" name="test_valid_exams_work" time="0.646" /></testsuite></testsuites>