<?xml version="1.0" encoding="utf-8"?><testsuites name="pytest tests"><testsuite name="pytest" errors="0" failures="1" skipped="0" tests="26" time="63.749" timestamp="2026-04-16T12:52:26.834308+00:00" hostname="agent-env-2e5659fd-9aff-4bff-a7a0-d3367b339cb1"><testcase classname="tests.test_ai.TestAI" name="test_ai_chat" time="31.163" /><testcase classname="tests.test_ai.TestAI" name="test_ai_chat_without_auth" time="0.246" /><testcase classname="tests.test_ai.TestAI" name="test_college_recommend" time="10.117" /><testcase classname="tests.test_ai.TestAI" name="test_profile_analysis" time="11.652" /><testcase classname="tests.test_ai.TestAI" name="test_chat_history" time="4.696" /><testcase classname="tests.test_auth.TestAuth" name="test_register_student_success" time="0.386" /><testcase classname="tests.test_auth.TestAuth" name="test_register_duplicate_email" time="0.450" /><testcase classname="tests.test_auth.TestAuth" name="test_login_admin_success" time="0.384" /><testcase classname="tests.test_auth.TestAuth" name="test_login_mentor_success" time="0.333" /><testcase classname="tests.test_auth.TestAuth" name="test_login_invalid_credentials" time="0.330" /><testcase classname="tests.test_auth.TestAuth" name="test_auth_me_with_token" time="0.378" /><testcase classname="tests.test_auth.TestAuth" name="test_auth_me_without_token" time="0.104" /><testcase classname="tests.test_auth.TestAuth" name="test_refresh_token" time="0.415" /><testcase classname="tests.test_health.TestHealth" name="test_health_check" time="0.149" /><testcase classname="tests.test_mentors.TestMentors" name="test_list_mentors" time="0.107" /><testcase classname="tests.test_mentors.TestMentors" name="test_list_mentors_with_search" time="0.103" /><testcase classname="tests.test_mentors.TestMentors" name="test_list_mentors_with_skill_filter" time="0.106" /><testcase classname="tests.test_mentors.TestMentors" name="test_get_mentor_detail" time="0.223" /><testcase classname="tests.test_mentors.TestMentors" name="test_get_mentor_invalid_id" time="0.161" /><testcase classname="tests.test_profile.TestProfile" name="test_update_profile_student" time="0.459" /><testcase classname="tests.test_profile.TestProfile" name="test_update_profile_without_auth" time="0.103" /><testcase classname="tests.test_profile.TestProfile" name="test_get_profile_by_id" time="0.169" /><testcase classname="tests.test_sessions.TestSessions" name="test_book_session_success" time="0.516" /><testcase classname="tests.test_sessions.TestSessions" name="test_book_session_invalid_mentor" time="0.385"><failure message="assert 500 == 404&#10; +  where 500 = &lt;Response [500]&gt;.status_code">tests/test_sessions.py:58: in test_book_session_invalid_mentor
    assert response.status_code == 404
E   assert 500 == 404
E    +  where 500 = &lt;Response [500]&gt;.status_code</failure></testcase><testcase classname="tests.test_sessions.TestSessions" name="test_get_sessions_student" time="0.376" /><testcase classname="tests.test_sessions.TestSessions" name="test_get_sessions_without_auth" time="0.129" /></testsuite></testsuites>