<?xml version="1.0" encoding="utf-8"?><testsuites name="pytest tests"><testsuite name="pytest" errors="0" failures="0" skipped="0" tests="12" time="2.661" timestamp="2026-04-16T14:01:44.061629+00:00" hostname="agent-env-2e5659fd-9aff-4bff-a7a0-d3367b339cb1"><testcase classname="tests.test_colleges.TestHealth" name="test_health_returns_apna_counselor" time="0.302" /><testcase classname="tests.test_colleges.TestColleges" name="test_list_colleges_returns_12" time="0.146" /><testcase classname="tests.test_colleges.TestColleges" name="test_filter_colleges_by_type_iit" time="0.218" /><testcase classname="tests.test_colleges.TestColleges" name="test_get_college_detail_iit_bombay" time="0.158" /><testcase classname="tests.test_colleges.TestColleges" name="test_get_college_detail_invalid_id" time="0.159" /><testcase classname="tests.test_colleges.TestColleges" name="test_predict_colleges_with_rank_5000" time="0.439" /><testcase classname="tests.test_colleges.TestColleges" name="test_compare_colleges_iit_bombay_delhi" time="0.142" /><testcase classname="tests.test_colleges.TestColleges" name="test_get_cutoffs_iit_bombay" time="0.144" /><testcase classname="tests.test_colleges.TestAuth" name="test_login_student_rohan" time="0.338" /><testcase classname="tests.test_colleges.TestAuth" name="test_login_student_ananya" time="0.345" /><testcase classname="tests.test_colleges.TestMentors" name="test_list_mentors_returns_5" time="0.134" /><testcase classname="tests.test_colleges.TestBatches" name="test_list_batches_returns_2" time="0.111" /></testsuite></testsuites>