<?xml version="1.0" encoding="utf-8"?><testsuites name="pytest tests"><testsuite name="pytest" errors="0" failures="0" skipped="0" tests="18" time="5.912" timestamp="2026-04-16T13:14:10.503510+00:00" hostname="agent-env-2e5659fd-9aff-4bff-a7a0-d3367b339cb1"><testcase classname="tests.test_phase2.TestCourses" name="test_list_courses_returns_5_seeded" time="0.510" /><testcase classname="tests.test_phase2.TestCourses" name="test_filter_courses_by_category_jee" time="0.168" /><testcase classname="tests.test_phase2.TestCourses" name="test_get_course_detail" time="0.238" /><testcase classname="tests.test_phase2.TestCourses" name="test_get_course_not_found" time="0.143" /><testcase classname="tests.test_phase2.TestCourses" name="test_create_course_as_mentor" time="0.494" /><testcase classname="tests.test_phase2.TestCourses" name="test_create_course_requires_auth" time="0.151" /><testcase classname="tests.test_phase2.TestCourses" name="test_enroll_in_course" time="0.523" /><testcase classname="tests.test_phase2.TestCourses" name="test_get_my_enrolled_courses" time="0.444" /><testcase classname="tests.test_phase2.TestReviews" name="test_create_review_for_mentor" time="0.546" /><testcase classname="tests.test_phase2.TestReviews" name="test_get_reviews_for_mentor" time="0.171" /><testcase classname="tests.test_phase2.TestReviews" name="test_review_requires_auth" time="0.145" /><testcase classname="tests.test_phase2.TestBatches" name="test_list_batches_returns_3_seeded" time="0.161" /><testcase classname="tests.test_phase2.TestBatches" name="test_get_batch_detail" time="0.159" /><testcase classname="tests.test_phase2.TestBatches" name="test_join_batch" time="0.538" /><testcase classname="tests.test_phase2.TestBatches" name="test_join_batch_requires_auth" time="0.114" /><testcase classname="tests.test_phase2.TestRecordings" name="test_add_recording_to_session" time="0.752" /><testcase classname="tests.test_phase2.TestRecordings" name="test_get_recordings" time="0.495" /><testcase classname="tests.test_phase2.TestRecordings" name="test_recordings_require_auth" time="0.103" /></testsuite></testsuites>