<?xml version="1.0" encoding="utf-8"?><testsuites name="pytest tests"><testsuite name="pytest" errors="0" failures="1" skipped="0" tests="22" time="9.320" timestamp="2026-04-16T14:53:01.761683+00:00" hostname="agent-env-2e5659fd-9aff-4bff-a7a0-d3367b339cb1"><testcase classname="test_iteration4.TestColleges70" name="test_list_colleges_returns_70_plus" time="0.305" /><testcase classname="test_iteration4.TestColleges70" name="test_filter_colleges_by_iit_returns_23" time="0.151" /><testcase classname="test_iteration4.TestColleges70" name="test_filter_colleges_by_nit" time="0.213" /><testcase classname="test_iteration4.TestColleges70" name="test_filter_colleges_by_iiit" time="0.161" /><testcase classname="test_iteration4.TestColleges70" name="test_filter_colleges_by_private" time="0.160" /><testcase classname="test_iteration4.TestColleges70" name="test_filter_colleges_by_state" time="0.140" /><testcase classname="test_iteration4.TestColleges70" name="test_get_mht_cet_college_coep_pune" time="0.179" /><testcase classname="test_iteration4.TestColleges70" name="test_predict_colleges_jee_advanced_rank_5000" time="0.437" /><testcase classname="test_iteration4.TestColleges70" name="test_predict_colleges_jee_mains_percentile" time="0.387" /><testcase classname="test_iteration4.TestColleges70" name="test_predict_colleges_mht_cet" time="0.403" /><testcase classname="test_iteration4.TestColleges70" name="test_predict_colleges_comedk" time="0.411" /><testcase classname="test_iteration4.TestRazorpayPayments" name="test_create_payment_order" time="1.636" /><testcase classname="test_iteration4.TestRazorpayPayments" name="test_verify_payment" time="0.825"><failure message="assert 400 == 200&#10; +  where 400 = &lt;Response [400]&gt;.status_code">test_iteration4.py:263: in test_verify_payment
    assert verify_response.status_code == 200
E   assert 400 == 200
E    +  where 400 = &lt;Response [400]&gt;.status_code</failure></testcase><testcase classname="test_iteration4.TestRazorpayPayments" name="test_payment_history" time="0.413" /><testcase classname="test_iteration4.TestWhatsAppLinks" name="test_whatsapp_mentor_link" time="0.487" /><testcase classname="test_iteration4.TestWhatsAppLinks" name="test_whatsapp_share_link" time="0.108" /><testcase classname="test_iteration4.TestCounsellorOnboarding" name="test_counsellor_apply" time="0.179" /><testcase classname="test_iteration4.TestCounsellorOnboarding" name="test_list_counsellor_applications_admin" time="0.458" /><testcase classname="test_iteration4.TestCounsellorOnboarding" name="test_list_counsellor_applications_non_admin_fails" time="0.402" /><testcase classname="test_iteration4.TestCounsellorOnboarding" name="test_approve_counsellor_application" time="0.947" /><testcase classname="test_iteration4.TestAdminStats" name="test_admin_stats" time="0.421" /><testcase classname="test_iteration4.TestAdminStats" name="test_admin_stats_non_admin_fails" time="0.430" /></testsuite></testsuites>